<?xml version="1.0" encoding="UTF-8"?>
<!-- Generated by org.testng.reporters.JUnitReportReporter -->
<testsuite hostname="DESKTOP-5H5ME9M" failures="0" tests="1" name="reports.Extentreport" time="4.296" errors="0" timestamp="2022-07-01T12:44:54 IST" skipped="0">
  <testcase classname="reports.Extentreport" name="Test1" time="4.296"/>
  <system-out/>
</testsuite> <!-- reports.Extentreport -->
